<?xml version="1.0" encoding="UTF-8"?>
<!-- Generated by org.testng.reporters.JUnitReportReporter -->
<testsuite hostname="Dhavals-MBP.lan1" failures="0" tests="8" name="com.test.requests.TestMyGETRequest" time="3.153" errors="0" timestamp="2020-09-27T22:33:45 CDT" skipped="0">
  <testcase classname="com.test.requests.TestMyGETRequest" name="validateStatusResponseWithValidCountryName" time="0.226"/>
  <system-out/>
  <testcase classname="com.test.requests.TestMyGETRequest" name="validateCapitalCityForValidCountryName" time="0.216"/>
  <system-out/>
  <testcase classname="com.test.requests.TestMyGETRequest" name="validateStatusResponseWithInValidCountryCode" time="0.205"/>
  <system-out/>
  <testcase classname="com.test.requests.TestMyGETRequest" name="validateCapitalCityIsNullForInValidCountryName" time="0.205"/>
  <system-out/>
  <testcase classname="com.test.requests.TestMyGETRequest" name="validateCapitalCityForValidCountryCode" time="1.715"/>
  <system-out/>
  <testcase classname="com.test.requests.TestMyGETRequest" name="validateCapitalCityIsNullForInValidCountryCode" time="0.202"/>
  <system-out/>
  <testcase classname="com.test.requests.TestMyGETRequest" name="validateStatusResponseWithValidCountryCode" time="0.196"/>
  <system-out/>
  <testcase classname="com.test.requests.TestMyGETRequest" name="validateStatusResponseWithInValidCountryName" time="0.188"/>
  <system-out/>
</testsuite> <!-- com.test.requests.TestMyGETRequest -->
