<?xml version="1.0" encoding="UTF-8"?>
<!-- Generated by org.testng.reporters.JUnitReportReporter -->
<testsuite hostname="Dhavals-MBP.lan1" failures="0" tests="1" name="testrequest.TestMyGETRequest" time="1.326" errors="0" timestamp="2020-09-27T17:15:56 CDT" skipped="0">
  <testcase classname="testrequest.TestMyGETRequest" name="velidateStatusResponse" time="1.326"/>
  <system-out/>
</testsuite> <!-- testrequest.TestMyGETRequest -->
